<?xml version="1.0" encoding="UTF-8"?>
<!-- Generated by org.testng.reporters.JUnitReportReporter -->
<testsuite hostname="Pavan_Kumar" failures="0" tests="3" name="day44.LoginTests" time="0.016" errors="0" timestamp="2024-11-11T20:14:04 IST" skipped="0">
  <testcase classname="day44.LoginTests" name="loginByEmail" time="0.013"/>
  <system-out/>
  <testcase classname="day44.LoginTests" name="loginByfacebook" time="0.001"/>
  <system-out/>
  <testcase classname="day44.LoginTests" name="loginByTwitter" time="0.002"/>
  <system-out/>
</testsuite> <!-- day44.LoginTests -->
