<?xml version="1.0" encoding="UTF-8"?>
<!-- Generated by org.testng.reporters.JUnitReportReporter -->
<testsuite hostname="Pavan_Kumar" failures="0" tests="2" name="day43.AnnonationsDemo2" time="0.010" errors="0" timestamp="2024-11-11T15:00:01 IST" skipped="0">
  <testcase classname="day43.AnnonationsDemo2" name="search" time="0.009"/>
  <system-out/>
  <testcase classname="day43.AnnonationsDemo2" name="advancedsearch" time="0.001"/>
  <system-out/>
</testsuite> <!-- day43.AnnonationsDemo2 -->
