<?xml version="1.0" encoding="UTF-8"?>
<!-- Generated by org.testng.reporters.JUnitReportReporter -->
<testsuite hostname="Pavan_Kumar" failures="0" tests="9" name="day45.PramTest" time="0.255" errors="0" timestamp="2024-11-25T17:06:17 IST" skipped="0">
  <testcase classname="day45.PramTest" name="testLogo" time="0.050"/>
  <system-out/>
  <testcase classname="day45.PramTest" name="testLogo" time="0.077"/>
  <system-out/>
  <testcase classname="day45.PramTest" name="testLogo" time="0.055"/>
  <system-out/>
  <testcase classname="day45.PramTest" name="testTitle" time="0.016"/>
  <system-out/>
  <testcase classname="day45.PramTest" name="testTitle" time="0.016"/>
  <system-out/>
  <testcase classname="day45.PramTest" name="testTitle" time="0.003"/>
  <system-out/>
  <testcase classname="day45.PramTest" name="testUrl" time="0.012"/>
  <system-out/>
  <testcase classname="day45.PramTest" name="testUrl" time="0.014"/>
  <system-out/>
  <testcase classname="day45.PramTest" name="testUrl" time="0.012"/>
  <system-out/>
</testsuite> <!-- day45.PramTest -->
