<?xml version="1.0" encoding="UTF-8"?>
<!-- Generated by org.testng.reporters.JUnitReportReporter -->
<testsuite hostname="Pavan_Kumar" failures="0" tests="3" name="day44.SignupTests" time="0.004" errors="0" timestamp="2024-11-11T20:14:04 IST" skipped="0">
  <testcase classname="day44.SignupTests" name="signupByEmail" time="0.001"/>
  <system-out/>
  <testcase classname="day44.SignupTests" name="signupByfacebook" time="0.002"/>
  <system-out/>
  <testcase classname="day44.SignupTests" name="signupByTwitter" time="0.001"/>
  <system-out/>
</testsuite> <!-- day44.SignupTests -->
