<?xml version="1.0" encoding="UTF-8"?>
<!-- Generated by org.testng.reporters.JUnitReportReporter -->
<testsuite hostname="Pavan_Kumar" failures="0" tests="2" name="day43.AnnonationsDemo1" time="0.020" errors="0" timestamp="2024-11-11T14:45:16 IST" skipped="0">
  <testcase classname="day43.AnnonationsDemo1" name="search" time="0.017"/>
  <system-out/>
  <testcase classname="day43.AnnonationsDemo1" name="advancedsearch" time="0.003"/>
  <system-out/>
</testsuite> <!-- day43.AnnonationsDemo1 -->
