<?xml version="1.0" encoding="UTF-8"?>
<!-- Generated by org.testng.reporters.JUnitReportReporter -->
<testsuite hostname="Pavan_Kumar" failures="0" tests="2" name="day43.pack.C2" time="0.003" errors="0" timestamp="2024-11-11T16:06:56 IST" skipped="0">
  <testcase classname="day43.pack.C2" name="xyz" time="0.002"/>
  <system-out/>
  <testcase classname="day43.pack.C2" name="xyz" time="0.001"/>
  <system-out/>
</testsuite> <!-- day43.pack.C2 -->
