<?xml version="1.0" encoding="UTF-8"?>
<!-- Generated by org.testng.reporters.JUnitReportReporter -->
<testsuite hostname="Pavan_Kumar" failures="0" tests="4" name="day42.OrangeHrmTest" time="16.056" errors="0" timestamp="2024-11-25T17:01:57 IST" skipped="0">
  <testcase classname="day42.OrangeHrmTest" name="openapp" time="11.151"/>
  <system-out/>
  <testcase classname="day42.OrangeHrmTest" name="testlogo" time="3.073"/>
  <system-out/>
  <testcase classname="day42.OrangeHrmTest" name="testLogin" time="1.544"/>
  <system-out/>
  <testcase classname="day42.OrangeHrmTest" name="closeApp" time="0.288"/>
  <system-out/>
</testsuite> <!-- day42.OrangeHrmTest -->
