<?xml version="1.0" encoding="UTF-8"?>
<!-- Generated by org.testng.reporters.JUnitReportReporter -->
<testsuite hostname="Pavan_Kumar" failures="0" tests="1" name="day47.LoginTest" time="2.880" errors="0" timestamp="2024-11-25T17:20:36 IST" skipped="0">
  <testcase classname="day47.LoginTest" name="testLogin" time="2.880"/>
  <system-out/>
</testsuite> <!-- day47.LoginTest -->
