<?xml version="1.0" encoding="UTF-8"?>
<!-- Generated by org.testng.reporters.JUnitReportReporter -->
<testsuite hostname="Pavan_Kumar" failures="0" tests="1" name="day43.HardAssertions" time="0.005" errors="0" timestamp="2024-11-11T18:10:20 IST" skipped="0">
  <testcase classname="day43.HardAssertions" name="test" time="0.005"/>
  <system-out/>
</testsuite> <!-- day43.HardAssertions -->
