<?xml version="1.0" encoding="UTF-8"?>
<!-- Generated by org.testng.reporters.JUnitReportReporter -->
<testsuite hostname="Pavan_Kumar" failures="0" tests="1" name="day43.AssertionsDemo" time="0.007" errors="0" timestamp="2024-11-11T17:41:19 IST" skipped="0">
  <testcase classname="day43.AssertionsDemo" name="testTitle" time="0.007"/>
  <system-out/>
</testsuite> <!-- day43.AssertionsDemo -->
